2023-02-16 23:02:828 INFO  LoginPage :43 - getting Text From : [[ChromeDriver: chrome on WINDOWS (69d8173e7ef66a08aa54761638cfeff9)] -> xpath: //h1[contains(text(),'Welcome, Please Sign In!')]]
2023-02-16 23:02:794 INFO  LoginPage :47 - getting Text From : [[ChromeDriver: chrome on WINDOWS (dfd84e7d79322ca38755b7e95eae0f31)] -> xpath: //div[@class='message-error validation-summary-errors']]
2023-02-16 23:02:558 INFO  LoginPage :51 - getting Text From : [[ChromeDriver: chrome on WINDOWS (fa9d6b15e79e292268e497ff72b0bf39)] -> xpath: //a[@class='ico-logout']]
2023-02-16 23:02:329 INFO  LoginPage :51 - getting Text From : Proxy element for: DefaultElementLocator 'By.xpath: //a[@class='ico-logout']'
2023-02-16 23:02:10 INFO  LoginPage :43 - getting Text From : [[ChromeDriver: chrome on WINDOWS (75d97b12259c0b5a898395d39a0df652)] -> xpath: //h1[contains(text(),'Welcome, Please Sign In!')]]
2023-02-16 23:02:88 INFO  LoginPage :47 - getting Text From : [[ChromeDriver: chrome on WINDOWS (14224c598a5af930b63a88a48f301ea8)] -> xpath: //div[@class='message-error validation-summary-errors']]
2023-02-16 23:02:996 INFO  LoginPage :51 - getting Text From : [[ChromeDriver: chrome on WINDOWS (8d167dde873007c5762d697d7f61500f)] -> xpath: //a[@class='ico-logout']]
2023-02-16 23:02:133 INFO  LoginPage :51 - getting Text From : [[ChromeDriver: chrome on WINDOWS (ca1658fc9527b2b18957c8dbf14351b7)] -> xpath: //a[@class='ico-logout']]
2023-02-16 23:02:764 INFO  HomePage :42 - getting Text From : [[ChromeDriver: chrome on WINDOWS (ca1658fc9527b2b18957c8dbf14351b7)] -> link text: Log in]
2023-02-16 23:02:764 INFO  LoginPage :43 - getting Text From : [[ChromeDriver: chrome on WINDOWS (84122903250f75c8e4c7316fc3b87a5b)] -> xpath: //h1[contains(text(),'Welcome, Please Sign In!')]]
2023-02-16 23:02:685 INFO  LoginPage :47 - getting Text From : [[ChromeDriver: chrome on WINDOWS (9ab53230f84c1bbde37caf84e37766ea)] -> xpath: //div[@class='message-error validation-summary-errors']]
2023-02-16 23:02:802 INFO  LoginPage :51 - getting Text From : [[ChromeDriver: chrome on WINDOWS (cb2ed9bebbe38abfdc5f0ef5d8712521)] -> xpath: //a[@class='ico-logout']]
2023-02-16 23:02:410 INFO  LoginPage :51 - getting Text From : [[ChromeDriver: chrome on WINDOWS (e4430dd05865802acf07ffe358ad4c9a)] -> xpath: //a[@class='ico-logout']]
2023-02-16 23:02:205 INFO  HomePage :42 - getting Text From : [[ChromeDriver: chrome on WINDOWS (e4430dd05865802acf07ffe358ad4c9a)] -> link text: Log in]
2023-02-16 23:02:296 INFO  LoginPage :35 - getting text from : Proxy element for: DefaultElementLocator 'By.className: page-title'
2023-02-16 23:02:551 INFO  LoginPage :35 - getting text from : Proxy element for: DefaultElementLocator 'By.className: page-title'
2023-02-16 23:02:134 INFO  LoginPage :35 - getting text from : [[ChromeDriver: chrome on WINDOWS (bcf95310e07d8daf9bc4528c7517e2ae)] -> xpath: //body/div[6]/div[2]/ul[1]/li[1]/a[1]]
2023-02-16 23:02:746 INFO  LoginPage :35 - getting text from : [[ChromeDriver: chrome on WINDOWS (b96d7d21f3bd92a8647d69d40eb232a3)] -> xpath: //body/div[6]/div[2]/ul[1]/li[1]/a[1]]
2023-02-16 23:02:221 INFO  LoginPage :36 - getting text from : [[ChromeDriver: chrome on WINDOWS (d41a466f7c393ffe4281d9d3d4c24a76)] -> xpath: //body/div[6]/div[2]/ul[1]/li[1]/a[1]]
2023-02-17 00:02:624 INFO  LoginPage :36 - getting text from : [[ChromeDriver: chrome on WINDOWS (09c55814ca61b7d4a89dab3e499da1d6)] -> xpath: //body/div[6]/div[2]/ul[1]/li[1]/a[1]]
2023-02-17 00:02:687 INFO  LoginPage :40 - getting text from : [[ChromeDriver: chrome on WINDOWS (ab33a407753cac66b6c9cb08cf46fcae)] -> xpath: //body/div[6]/div[3]/div[1]/div[2]/div[1]/div[2]/ul[1]/li[1]/ul[1]/li[1]/a[1]]
2023-02-17 00:02:310 INFO  LoginPage :36 - getting text from : [[ChromeDriver: chrome on WINDOWS (b985a7856b381ef7c2dd7604486171a3)] -> xpath: //body/div[6]/div[2]/ul[1]/li[1]/a[1]]
2023-02-17 00:02:474 INFO  LoginPage :40 - getting text from : [[ChromeDriver: chrome on WINDOWS (444cade86ab49843ab8bd156d3c58200)] -> xpath: //body/div[6]/div[3]/div[1]/div[2]/div[1]/div[2]/ul[1]/li[1]/ul[1]/li[1]/a[1]]
2023-02-17 00:02:550 INFO  LoginPage :43 - getting Text From : [[ChromeDriver: chrome on WINDOWS (87a8ac355999f2334c98c3f65873a2bf)] -> xpath: //h1[contains(text(),'Welcome, Please Sign In!')]]
2023-02-17 00:02:948 INFO  LoginPage :47 - getting Text From : [[ChromeDriver: chrome on WINDOWS (80d8b7202f6ed817286a86707b46f38b)] -> xpath: //div[@class='message-error validation-summary-errors']]
2023-02-17 00:02:367 INFO  LoginPage :51 - getting Text From : Proxy element for: DefaultElementLocator 'By.xpath: //a[@class='ico-logout']'
2023-02-17 00:02:433 INFO  LoginPage :51 - getting Text From : Proxy element for: DefaultElementLocator 'By.xpath: //a[@class='ico-logout']'
2023-02-17 00:02:84 INFO  LoginPage :36 - getting text from : [[ChromeDriver: chrome on WINDOWS (18028495d6229aae040ac3330af9d617)] -> xpath: //body/div[6]/div[2]/ul[1]/li[1]/a[1]]
2023-02-17 00:02:532 INFO  LoginPage :40 - getting text from : [[ChromeDriver: chrome on WINDOWS (190d143cc30dc15d9b2faf8332b704ec)] -> xpath: //body/div[6]/div[3]/div[1]/div[2]/div[1]/div[2]/ul[1]/li[1]/ul[1]/li[1]/a[1]]
2023-02-17 00:02:275 INFO  LoginPage :43 - getting Text From : [[ChromeDriver: chrome on WINDOWS (7f73094dba651318d3280bdb6071c66e)] -> xpath: //h1[contains(text(),'Welcome, Please Sign In!')]]
2023-02-17 00:02:294 INFO  LoginPage :47 - getting Text From : [[ChromeDriver: chrome on WINDOWS (5bc4b224d7b8ddfe8a4b79d273b44fdd)] -> xpath: //div[@class='message-error validation-summary-errors']]
2023-02-17 00:02:840 INFO  LoginPage :51 - getting Text From : [[ChromeDriver: chrome on WINDOWS (4cf10112e98a3c2f9954e10c6cb8d824)] -> xpath: //a[@class='ico-logout']]
2023-02-17 00:02:137 INFO  LoginPage :51 - getting Text From : [[ChromeDriver: chrome on WINDOWS (8b2f92605fd8daf30211714a9f62c585)] -> xpath: //a[@class='ico-logout']]
2023-02-17 00:02:664 INFO  HomePage :42 - getting Text From : [[ChromeDriver: chrome on WINDOWS (8b2f92605fd8daf30211714a9f62c585)] -> link text: Log in]
2023-02-17 00:02:196 INFO  LoginPage :35 - getting text from : [[ChromeDriver: chrome on WINDOWS (3b73b75da8bd650759f27469564f597e)] -> class name: page-title]
2023-02-17 00:02:68 INFO  LoginPage :39 - getting text from : [[ChromeDriver: chrome on WINDOWS (4ed877decfbf435e32d2757d86f31975)] -> xpath: //div[@class='page-title']]
2023-02-17 00:02:610 INFO  LoginPage :43 - getting Text From : [[ChromeDriver: chrome on WINDOWS (4f0072de77cbf75fa198cc6a8ce49d94)] -> xpath: //h1[contains(text(),'Welcome, Please Sign In!')]]
2023-02-17 00:02:822 INFO  LoginPage :47 - getting Text From : [[ChromeDriver: chrome on WINDOWS (266d58cc37cba300db60bdaa0fde585e)] -> xpath: //div[@class='message-error validation-summary-errors']]
2023-02-17 00:02:607 INFO  LoginPage :51 - getting Text From : [[ChromeDriver: chrome on WINDOWS (5838bfcc8e2920672a1151e4777cace9)] -> xpath: //a[@class='ico-logout']]
2023-02-17 00:02:597 INFO  LoginPage :51 - getting Text From : [[ChromeDriver: chrome on WINDOWS (13b6ffe491451979d8fc79fcaf3ba656)] -> xpath: //a[@class='ico-logout']]
2023-02-17 00:02:56 INFO  HomePage :42 - getting Text From : [[ChromeDriver: chrome on WINDOWS (13b6ffe491451979d8fc79fcaf3ba656)] -> link text: Log in]
2023-02-17 00:02:753 INFO  LoginPage :35 - getting text from : [[ChromeDriver: chrome on WINDOWS (65e9da4286ee7b534be3ce20b3189cc2)] -> class name: page-title]
2023-02-17 00:02:557 INFO  LoginPage :39 - getting text from : [[ChromeDriver: chrome on WINDOWS (5fb7f29826c3658071ec8b37795d1228)] -> xpath: //div[@class='page-title']]
2023-02-17 00:02:91 INFO  LoginPage :43 - getting Text From : [[ChromeDriver: chrome on WINDOWS (80c6a9c137316cd3093e93762ad64b4e)] -> xpath: //h1[contains(text(),'Welcome, Please Sign In!')]]
2023-02-17 00:02:352 INFO  LoginPage :47 - getting Text From : [[ChromeDriver: chrome on WINDOWS (541602de0f2659bfbfadd081e8647aa9)] -> xpath: //div[@class='message-error validation-summary-errors']]
2023-02-17 00:02:455 INFO  LoginPage :51 - getting Text From : [[ChromeDriver: chrome on WINDOWS (ab30b120081c0ab6121c848aac472c41)] -> xpath: //a[@class='ico-logout']]
2023-02-17 00:02:540 INFO  LoginPage :51 - getting Text From : [[ChromeDriver: chrome on WINDOWS (bc4705224ab2546de1200cf52987ec34)] -> xpath: //a[@class='ico-logout']]
2023-02-17 00:02:251 INFO  HomePage :42 - getting Text From : [[ChromeDriver: chrome on WINDOWS (bc4705224ab2546de1200cf52987ec34)] -> link text: Log in]
